13:36:21.864 [main] INFO  TestCases.TS_01Bikes - *******Test for upcomingBikes is started********** 
13:36:26.558 [main] INFO  TestCases.TS_01Bikes - read the values in table and print in console 
13:37:18.441 [main] INFO  TestCases.TS_01Bikes - *******Test for upcomingBikes is Finished********** 
13:37:31.525 [main] INFO  TestCases.TS_02Cars - *******Test for used cars is started*******
13:37:31.911 [main] INFO  TestCases.TS_02Cars -  For Used cars in Chennai
13:37:37.562 [main] INFO  TestCases.TS_02Cars -  extract all the popular models in a List; Display the same
13:37:37.935 [main] INFO  TestCases.TS_02Cars - *******Test for used cars is Finished*******
13:37:49.852 [main] INFO  TestCases.TS_03SignUp - ******Test for google signup is started*******
13:37:49.868 [main] INFO  TestCases.TS_03SignUp - validate the error message
13:39:51.844 [main] INFO  TestCases.TS_01Bikes - *******Test for upcomingBikes is started********** 
13:39:55.973 [main] INFO  TestCases.TS_01Bikes - read the values in table and print in console 
13:40:47.303 [main] INFO  TestCases.TS_01Bikes - *******Test for upcomingBikes is Finished********** 
13:40:57.962 [main] INFO  TestCases.TS_02Cars - *******Test for used cars is started*******
13:40:58.262 [main] INFO  TestCases.TS_02Cars -  For Used cars in Chennai
13:41:03.042 [main] INFO  TestCases.TS_02Cars -  extract all the popular models in a List; Display the same
13:41:03.477 [main] INFO  TestCases.TS_02Cars - *******Test for used cars is Finished*******
13:41:20.112 [main] INFO  TestCases.TS_03SignUp - ******Test for google signup is started*******
13:41:20.136 [main] INFO  TestCases.TS_03SignUp - validate the error message
13:48:21.248 [main] INFO  TestCases.TS_01Bikes - *******Test for upcomingBikes is started********** 
13:48:26.087 [main] INFO  TestCases.TS_01Bikes - read the values in table and print in console 
13:51:40.198 [main] INFO  TestCases.TS_02Cars - *******Test for used cars is started*******
13:51:40.522 [main] INFO  TestCases.TS_02Cars -  For Used cars in Chennai
13:51:46.522 [main] INFO  TestCases.TS_02Cars -  extract all the popular models in a List; Display the same
13:51:46.851 [main] INFO  TestCases.TS_02Cars - *******Test for used cars is Finished*******
13:51:57.374 [main] INFO  TestCases.TS_03SignUp - ******Test for google signup is started*******
13:51:57.379 [main] INFO  TestCases.TS_03SignUp - validate the error message
13:54:00.384 [main] INFO  TestCases.TS_03SignUp - ******Test for google signup is started*******
13:55:54.720 [main] INFO  TestCases.TS_03SignUp - ******Test for google signup is started*******
13:57:18.573 [main] INFO  TestCases.TS_03SignUp - ******Test for google signup is started*******
13:58:27.007 [main] INFO  TestCases.TS_03SignUp - ******Test for google signup is started*******
13:58:27.961 [main] INFO  TestCases.TS_03SignUp - click on google signup and give the values
13:58:33.208 [main] INFO  TestCases.TS_03SignUp - validate the error message
13:58:33.571 [main] INFO  TestCases.TS_03SignUp - ******Test for google signup is Finished*******
14:00:02.559 [main] INFO  TestCases.TS_01Bikes - *******Test for upcomingBikes is started********** 
14:00:09.689 [main] INFO  TestCases.TS_01Bikes - read the values in table and print in console 
14:08:26.532 [main] INFO  TestCases.TS_01Bikes - *******Test for upcomingBikes is started********** 
14:08:30.937 [main] INFO  TestCases.TS_01Bikes - read the values in table and print in console 
14:13:47.906 [main] INFO  TestCases.TS_01Bikes - *******Test for upcomingBikes is started********** 
14:13:49.960 [main] INFO  TestCases.TS_01Bikes - read the values in table and print in console 
14:25:18.567 [main] INFO  TestCases.TS_01Bikes - *******Test for upcomingBikes is started********** 
14:25:42.265 [main] INFO  TestCases.TS_01Bikes - *******Test for upcomingBikes is started********** 
14:25:54.918 [main] INFO  TestCases.TS_01Bikes - read the values in table and print in console 
14:26:56.630 [main] INFO  TestCases.TS_01Bikes - *******Test for upcomingBikes is Finished********** 
14:27:08.260 [main] INFO  TestCases.TS_02Cars - *******Test for used cars is started*******
14:27:08.491 [main] INFO  TestCases.TS_02Cars -  For Used cars in Chennai
14:27:15.042 [main] INFO  TestCases.TS_02Cars -  extract all the popular models in a List; Display the same
14:27:15.172 [main] INFO  TestCases.TS_02Cars - *******Test for used cars is Finished*******
14:27:26.151 [main] INFO  TestCases.TS_03SignUp - ******Test for google signup is started*******
14:27:26.465 [main] INFO  TestCases.TS_03SignUp - click on google signup and give the values
14:27:30.756 [main] INFO  TestCases.TS_03SignUp - validate the error message
14:27:31.049 [main] INFO  TestCases.TS_03SignUp - ******Test for google signup is Finished*******
15:37:02.995 [main] INFO  TestCases.TS_01Bikes - *******Test for upcomingBikes is started********** 
15:37:16.076 [main] INFO  TestCases.TS_01Bikes - read the values in table an 
