15:41:25.528 [main] INFO  TestCases.TS_01Bikes - *******Test for upcomingBikes is started********** 
15:41:30.396 [main] INFO  TestCases.TS_01Bikes - read the values in table an 
21:37:00.514 [main] INFO  TestCases.TS_01Bikes - *******Test for upcomingBikes is started********** 
21:37:06.915 [main] INFO  TestCases.TS_01Bikes - read the values in table an 
21:37:57.836 [main] INFO  TestCases.TS_01Bikes - *******Test for upcomingBikes is Finished********** 
21:38:08.277 [main] INFO  TestCases.TS_02Cars - *******Test for used cars is started*******
21:38:08.540 [main] INFO  TestCases.TS_02Cars -  For Used cars in Chennai
21:38:13.281 [main] INFO  TestCases.TS_02Cars -  extract all the popular models in a List; Display the same
21:38:13.653 [main] INFO  TestCases.TS_02Cars - *******Test for used cars is Finished*******
21:38:24.168 [main] INFO  TestCases.TS_03SignUp - ******Test for google signup is started*******
21:38:24.694 [main] INFO  TestCases.TS_03SignUp - click on google signup and give the values
21:38:29.832 [main] INFO  TestCases.TS_03SignUp - validate the error message
21:38:30.923 [main] INFO  TestCases.TS_03SignUp - ******Test for google signup is Finished*******
22:07:36.516 [main] INFO  TestCases.TS_01Bikes - *******Test for upcomingBikes is started********** 
22:07:42.931 [main] INFO  TestCases.TS_02Cars - *******Test for used cars is started*******
22:07:50.297 [main] INFO  TestCases.TS_03SignUp - ******Test for google signup is started*******
22:09:09.143 [main] INFO  TestCases.TS_02Cars - *******Test for used cars is started*******
22:09:15.371 [main] INFO  TestCases.TS_03SignUp - ******Test for google signup is started*******
22:16:07.543 [main] INFO  TestCases.TS_02Cars - *******Test for used cars is started*******
22:16:07.787 [main] INFO  TestCases.TS_02Cars -  For Used cars in Chennai
22:16:13.690 [main] INFO  TestCases.TS_02Cars -  extract all the popular models in a List; Display the same
22:16:13.856 [main] INFO  TestCases.TS_02Cars - *******Test for used cars is Finished*******
22:16:22.512 [main] INFO  TestCases.TS_03SignUp - ******Test for google signup is started*******
22:16:22.892 [main] INFO  TestCases.TS_03SignUp - click on google signup and give the values
22:16:25.686 [main] INFO  TestCases.TS_03SignUp - validate the error message
22:19:42.448 [main] INFO  TestCases.TS_02Cars - *******Test for used cars is started*******
22:19:42.684 [main] INFO  TestCases.TS_02Cars -  For Used cars in Chennai
22:19:48.124 [main] INFO  TestCases.TS_02Cars -  extract all the popular models in a List; Display the same
22:19:48.399 [main] INFO  TestCases.TS_02Cars - *******Test for used cars is Finished*******
22:19:57.453 [main] INFO  TestCases.TS_03SignUp - ******Test for google signup is started*******
22:19:57.670 [main] INFO  TestCases.TS_03SignUp - click on google signup and give the values
22:23:19.982 [main] INFO  TestCases.TS_03SignUp - ******Test for google signup is started*******
22:23:20.199 [main] INFO  TestCases.TS_03SignUp - click on google signup and give the values
22:25:31.219 [main] INFO  TestCases.TS_03SignUp - ******Test for google signup is started*******
22:25:31.615 [main] INFO  TestCases.TS_03SignUp - click on google signup and give the values
22:25:34.548 [main] INFO  TestCases.TS_03SignUp - validate the error message
22:25:35.941 [main] INFO  TestCases.TS_03SignUp - ******Test for google signup is Finished*******
22:26:12.105 [main] INFO  TestCases.TS_03SignUp - ******Test for google signup is started*******
22:26:12.441 [main] INFO  TestCases.TS_03SignUp - click on google signup and give the values
22:27:56.509 [main] INFO  TestCases.TS_03SignUp - ******Test for google signup is started*******
22:27:57.090 [main] INFO  TestCases.TS_03SignUp - click on google signup and give the values
22:29:30.916 [main] INFO  TestCases.TS_03SignUp - ******Test for google signup is started*******
22:29:31.357 [main] INFO  TestCases.TS_03SignUp - click on google signup and give the values
22:29:33.902 [main] INFO  TestCases.TS_03SignUp - validate the error message
22:29:34.651 [main] INFO  TestCases.TS_03SignUp - ******Test for google signup is Finished*******
22:30:50.604 [main] INFO  TestCases.TS_03SignUp - ******Test for google signup is started*******
22:30:51.041 [main] INFO  TestCases.TS_03SignUp - click on google signup and give the values
22:32:16.435 [main] INFO  TestCases.TS_03SignUp - ******Test for google signup is started*******
22:32:16.628 [main] INFO  TestCases.TS_03SignUp - click on google signup and give the values
22:32:20.701 [main] INFO  TestCases.TS_03SignUp - validate the error message
22:32:20.930 [main] INFO  TestCases.TS_03SignUp - ******Test for google signup is Finished*******
22:32:53.549 [main] INFO  TestCases.TS_03SignUp - ******Test for google signup is started*******
22:32:53.873 [main] INFO  TestCases.TS_03SignUp - click on google signup and give the values
22:32:56.927 [main] INFO  TestCases.TS_03SignUp - validate the error message
